Build started 11/29/2014 6:05:31 PM.
     1>Project "C:\Users\SybrandtJG1\Desktop\SootAndSickle\SootNSickle\SootNSickle\SootNSickle.vcxproj" on node 2 (Build target(s)).
     1>ClCompile:
         C:\Program Files (x86)\Microsoft Visual Studio 11.0\VC\bin\CL.exe /c /I"C:\Program Files (x86)\Microsoft DirectX SDK (June 2010)\\Include" /ZI /nologo /W3 /WX- /Od /Oy- /D _MBCS /Gm /EHsc /RTC1 /MDd /GS /fp:precise /Zc:wchar_t /Zc:forScope /Fo"Debug\\" /Fd"Debug\vc110.pdb" /Gd /TP /analyze- /errorReport:prompt HealthBar.cpp
         HealthBar.cpp
     1>c:\users\sybrandtjg1\desktop\sootandsickle\sootnsickle\sootnsickle\healthbar.cpp(23): warning C4244: 'initializing' : conversion from 'float' to 'int', possible loss of data
       Link:
         C:\Program Files (x86)\Microsoft Visual Studio 11.0\VC\bin\link.exe /ERRORREPORT:PROMPT /OUT:"C:\Users\SybrandtJG1\Desktop\SootAndSickle\SootNSickle\SootNSickle\Debug\SootNSickle.exe" /NOLOGO /LIBPATH:"C:\Program Files (x86)\Microsoft DirectX SDK (June 2010)\\Lib\x86" d3d9.lib d3dx9.lib winmm.lib xinput.lib winmm.lib kernel32.lib user32.lib gdi32.lib winspool.lib comdlg32.lib advapi32.lib shell32.lib ole32.lib oleaut32.lib uuid.lib odbc32.lib odbccp32.lib /MANIFEST /MANIFESTUAC:"level='asInvoker' uiAccess='false'" /manifest:embed /DEBUG /PDB:"C:\Users\SybrandtJG1\Desktop\SootAndSickle\SootNSickle\SootNSickle\Debug\SootNSickle.pdb" /TLBID:1 /DYNAMICBASE /NXCOMPAT /IMPLIB:"C:\Users\SybrandtJG1\Desktop\SootAndSickle\SootNSickle\SootNSickle\Debug\SootNSickle.lib" /MACHINE:X86 /SAFESEH Debug\Actor.obj
         Debug\ActorWithHealthBar.obj
         Debug\audio.obj
         Debug\Base.obj
         Debug\Button.obj
         Debug\constants.obj
         Debug\game.obj
         Debug\graphics.obj
         Debug\HealthBar.obj
         Debug\image.obj
         Debug\input.obj
         Debug\sootnsickle.obj
         Debug\Particle.obj
         Debug\textDX.obj
         Debug\textureManager.obj
         Debug\Utility.obj
         Debug\winmain.obj
         SootNSickle.vcxproj -> C:\Users\SybrandtJG1\Desktop\SootAndSickle\SootNSickle\SootNSickle\Debug\SootNSickle.exe
     1>Done Building Project "C:\Users\SybrandtJG1\Desktop\SootAndSickle\SootNSickle\SootNSickle\SootNSickle.vcxproj" (Build target(s)).

Build succeeded.

Time Elapsed 00:00:01.90
