C:\PROJECTS\SOOTANDSICKLE\SOOTNSICKLE\SOOTNSICKLE\DEBUG\ACTOR.OBJ
C:\PROJECTS\SOOTANDSICKLE\SOOTNSICKLE\SOOTNSICKLE\DEBUG\AUDIO.OBJ
C:\PROJECTS\SOOTANDSICKLE\SOOTNSICKLE\SOOTNSICKLE\DEBUG\CONSTANTS.OBJ
C:\PROJECTS\SOOTANDSICKLE\SOOTNSICKLE\SOOTNSICKLE\DEBUG\GAME.OBJ
C:\PROJECTS\SOOTANDSICKLE\SOOTNSICKLE\SOOTNSICKLE\DEBUG\GRAPHICS.OBJ
C:\PROJECTS\SOOTANDSICKLE\SOOTNSICKLE\SOOTNSICKLE\DEBUG\HEALTHBAR.OBJ
C:\PROJECTS\SOOTANDSICKLE\SOOTNSICKLE\SOOTNSICKLE\DEBUG\IMAGE.OBJ
C:\PROJECTS\SOOTANDSICKLE\SOOTNSICKLE\SOOTNSICKLE\DEBUG\INPUT.OBJ
C:\PROJECTS\SOOTANDSICKLE\SOOTNSICKLE\SOOTNSICKLE\DEBUG\PARTICLE.OBJ
C:\PROJECTS\SOOTANDSICKLE\SOOTNSICKLE\SOOTNSICKLE\DEBUG\TEXTDX.OBJ
C:\PROJECTS\SOOTANDSICKLE\SOOTNSICKLE\SOOTNSICKLE\DEBUG\TEXTUREMANAGER.OBJ
C:\PROJECTS\SOOTANDSICKLE\SOOTNSICKLE\SOOTNSICKLE\DEBUG\UTILITY.OBJ
C:\PROJECTS\SOOTANDSICKLE\SOOTNSICKLE\SOOTNSICKLE\DEBUG\SOOTNSICKLE.OBJ
C:\PROJECTS\SOOTANDSICKLE\SOOTNSICKLE\SOOTNSICKLE\DEBUG\ACTORWITHHEALTHBAR.OBJ
C:\PROJECTS\SOOTANDSICKLE\SOOTNSICKLE\SOOTNSICKLE\DEBUG\BASE.OBJ
C:\PROJECTS\SOOTANDSICKLE\SOOTNSICKLE\SOOTNSICKLE\DEBUG\BUTTON.OBJ
C:\PROJECTS\SOOTANDSICKLE\SOOTNSICKLE\SOOTNSICKLE\DEBUG\TURRET.OBJ
C:\PROJECTS\SOOTANDSICKLE\SOOTNSICKLE\SOOTNSICKLE\DEBUG\WINMAIN.OBJ
C:\PROJECTS\SOOTANDSICKLE\SOOTNSICKLE\SOOTNSICKLE\DEBUG\VC110.PDB
C:\PROJECTS\SOOTANDSICKLE\SOOTNSICKLE\SOOTNSICKLE\DEBUG\POWERSUPPLY.OBJ
C:\PROJECTS\SootAndSickle\SootNSickle\SootNSickle\Debug\Actor.obj
C:\PROJECTS\SootAndSickle\SootNSickle\SootNSickle\Debug\ActorWithHealthBar.obj
C:\PROJECTS\SootAndSickle\SootNSickle\SootNSickle\Debug\audio.obj
C:\PROJECTS\SootAndSickle\SootNSickle\SootNSickle\Debug\Base.obj
C:\PROJECTS\SootAndSickle\SootNSickle\SootNSickle\Debug\Button.obj
C:\PROJECTS\SootAndSickle\SootNSickle\SootNSickle\Debug\constants.obj
C:\PROJECTS\SootAndSickle\SootNSickle\SootNSickle\Debug\game.obj
C:\PROJECTS\SootAndSickle\SootNSickle\SootNSickle\Debug\graphics.obj
C:\PROJECTS\SootAndSickle\SootNSickle\SootNSickle\Debug\HealthBar.obj
C:\PROJECTS\SootAndSickle\SootNSickle\SootNSickle\Debug\image.obj
C:\PROJECTS\SootAndSickle\SootNSickle\SootNSickle\Debug\input.obj
C:\PROJECTS\SootAndSickle\SootNSickle\SootNSickle\Debug\Particle.obj
C:\PROJECTS\SootAndSickle\SootNSickle\SootNSickle\Debug\PowerSupply.obj
C:\PROJECTS\SootAndSickle\SootNSickle\SootNSickle\Debug\sootnsickle.obj
C:\PROJECTS\SootAndSickle\SootNSickle\SootNSickle\Debug\textDX.obj
C:\PROJECTS\SootAndSickle\SootNSickle\SootNSickle\Debug\textureManager.obj
C:\PROJECTS\SootAndSickle\SootNSickle\SootNSickle\Debug\Turret.obj
C:\PROJECTS\SootAndSickle\SootNSickle\SootNSickle\Debug\Utility.obj
C:\PROJECTS\SootAndSickle\SootNSickle\SootNSickle\Debug\winmain.obj
C:\PROJECTS\SootAndSickle\SootNSickle\SootNSickle\Debug\cl.command.1.tlog
C:\PROJECTS\SootAndSickle\SootNSickle\SootNSickle\Debug\CL.read.1.tlog
C:\PROJECTS\SootAndSickle\SootNSickle\SootNSickle\Debug\CL.write.1.tlog
C:\PROJECTS\SootAndSickle\SootNSickle\SootNSickle\Debug\link-cvtres.read.1.tlog
C:\PROJECTS\SootAndSickle\SootNSickle\SootNSickle\Debug\link-cvtres.write.1.tlog
C:\PROJECTS\SootAndSickle\SootNSickle\SootNSickle\Debug\link-rc.read.1.tlog
C:\PROJECTS\SootAndSickle\SootNSickle\SootNSickle\Debug\link-rc.write.1.tlog
C:\PROJECTS\SootAndSickle\SootNSickle\SootNSickle\Debug\link.4040-cvtres.read.1.tlog
C:\PROJECTS\SootAndSickle\SootNSickle\SootNSickle\Debug\link.4040-cvtres.write.1.tlog
C:\PROJECTS\SootAndSickle\SootNSickle\SootNSickle\Debug\link.4040-rc.read.1.tlog
C:\PROJECTS\SootAndSickle\SootNSickle\SootNSickle\Debug\link.4040-rc.write.1.tlog
C:\PROJECTS\SootAndSickle\SootNSickle\SootNSickle\Debug\link.4040.read.1.tlog
C:\PROJECTS\SootAndSickle\SootNSickle\SootNSickle\Debug\link.4040.write.1.tlog
C:\PROJECTS\SootAndSickle\SootNSickle\SootNSickle\Debug\link.4524-cvtres.read.1.tlog
C:\PROJECTS\SootAndSickle\SootNSickle\SootNSickle\Debug\link.4524-cvtres.write.1.tlog
C:\PROJECTS\SootAndSickle\SootNSickle\SootNSickle\Debug\link.4524-rc.read.1.tlog
C:\PROJECTS\SootAndSickle\SootNSickle\SootNSickle\Debug\link.4524-rc.write.1.tlog
C:\PROJECTS\SootAndSickle\SootNSickle\SootNSickle\Debug\link.4524.read.1.tlog
C:\PROJECTS\SootAndSickle\SootNSickle\SootNSickle\Debug\link.4524.write.1.tlog
C:\PROJECTS\SootAndSickle\SootNSickle\SootNSickle\Debug\link.8148-cvtres.read.1.tlog
C:\PROJECTS\SootAndSickle\SootNSickle\SootNSickle\Debug\link.8148-cvtres.write.1.tlog
C:\PROJECTS\SootAndSickle\SootNSickle\SootNSickle\Debug\link.8148-rc.read.1.tlog
C:\PROJECTS\SootAndSickle\SootNSickle\SootNSickle\Debug\link.8148-rc.write.1.tlog
C:\PROJECTS\SootAndSickle\SootNSickle\SootNSickle\Debug\link.8148.read.1.tlog
C:\PROJECTS\SootAndSickle\SootNSickle\SootNSickle\Debug\link.8148.write.1.tlog
C:\PROJECTS\SootAndSickle\SootNSickle\SootNSickle\Debug\link.9748-cvtres.read.1.tlog
C:\PROJECTS\SootAndSickle\SootNSickle\SootNSickle\Debug\link.9748-cvtres.write.1.tlog
C:\PROJECTS\SootAndSickle\SootNSickle\SootNSickle\Debug\link.9748-rc.read.1.tlog
C:\PROJECTS\SootAndSickle\SootNSickle\SootNSickle\Debug\link.9748-rc.write.1.tlog
C:\PROJECTS\SootAndSickle\SootNSickle\SootNSickle\Debug\link.9748.read.1.tlog
C:\PROJECTS\SootAndSickle\SootNSickle\SootNSickle\Debug\link.9748.write.1.tlog
C:\PROJECTS\SootAndSickle\SootNSickle\SootNSickle\Debug\link.command.1.tlog
C:\PROJECTS\SootAndSickle\SootNSickle\SootNSickle\Debug\link.read.1.tlog
C:\PROJECTS\SootAndSickle\SootNSickle\SootNSickle\Debug\link.write.1.tlog
C:\PROJECTS\SootAndSickle\SootNSickle\SootNSickle\Debug\vc110.idb
C:\PROJECTS\SootAndSickle\SootNSickle\SootNSickle\Debug\SootNSickle.pdb
C:\PROJECTS\SootAndSickle\SootNSickle\SootNSickle\Debug\vc110.pdb
