Build started 12/12/2014 2:47:34 AM.
     1>Project "C:\PROJECTS\SootAndSickle\SootNSickle\SootNSickle\SootNSickle.vcxproj" on node 2 (Build target(s)).
     1>ClCompile:
         C:\Program Files (x86)\Microsoft Visual Studio 11.0\VC\bin\CL.exe /c /I"C:\Program Files (x86)\Microsoft DirectX SDK (June 2010)\\Include" /Zi /nologo /W3 /WX- /O2 /Oi /Oy- /GL /D _MBCS /Gm- /EHsc /MT /GS /Gy /fp:precise /Zc:wchar_t /Zc:forScope /Fo"Release\\" /Fd"Release\vc110.pdb" /Gd /TP /analyze- /errorReport:prompt "AATurret(C).cpp" Actor.cpp "AGTurret(C).cpp" "AirField(J).cpp" "ActorWithHealthBar(J).cpp" audio.cpp "Base(J).cpp" "Building (J).cpp" "Button(J).cpp" constants.cpp "Extractor(J).cpp" "Factory(J).cpp" game.cpp graphics.cpp "HealthBar(J).cpp" "House(J).cpp" "MineralPatch(J).cpp" "Particle(J).cpp" "PowerSupply(J).cpp" "sootnsickle(JC).cpp" "Turret(JC).cpp" "Utility(J).cpp" "Waypoint(C).cpp" "WPManager(C).cpp" "Zombie(JC).cpp" image.cpp input.cpp textDX.cpp textureManager.cpp winmain.cpp "ZombieBat(C).cpp" "ZombieSpawner(C).cpp"
         AATurret(C).cpp
     1>c:\projects\sootandsickle\sootnsickle\sootnsickle\Building.h(38): warning C4244: 'return' : conversion from 'double' to 'float', possible loss of data
     1>c:\projects\sootandsickle\sootnsickle\sootnsickle\Building.h(40): warning C4244: 'return' : conversion from 'double' to 'float', possible loss of data
     1>c:\projects\sootandsickle\sootnsickle\sootnsickle\Building.h(45): warning C4244: 'argument' : conversion from 'double' to 'float', possible loss of data
     1>c:\projects\sootandsickle\sootnsickle\sootnsickle\Turret.h(7): warning C4244: 'initializing' : conversion from 'const double' to 'const float', possible loss of data
     1>c:\projects\sootandsickle\sootnsickle\sootnsickle\Turret.h(8): warning C4244: 'initializing' : conversion from 'double' to 'const float', possible loss of data
     1>c:\projects\sootandsickle\sootnsickle\sootnsickle\Turret.h(9): warning C4244: 'initializing' : conversion from 'double' to 'const float', possible loss of data
     1>c:\projects\sootandsickle\sootnsickle\sootnsickle\Turret.h(10): warning C4244: 'initializing' : conversion from 'const double' to 'const float', possible loss of data
     1>c:\projects\sootandsickle\sootnsickle\sootnsickle\Turret.h(11): warning C4305: 'initializing' : truncation from 'double' to 'const float'
     1>c:\projects\sootandsickle\sootnsickle\sootnsickle\Base.h(24): warning C4244: '=' : conversion from 'const double' to 'float', possible loss of data
     1>c:\projects\sootandsickle\sootnsickle\sootnsickle\AATurret.h(6): warning C4244: 'initializing' : conversion from 'const double' to 'const float', possible loss of data
     1>c:\projects\sootandsickle\sootnsickle\sootnsickle\AATurret.h(7): warning C4244: 'initializing' : conversion from 'double' to 'const float', possible loss of data
     1>c:\projects\sootandsickle\sootnsickle\sootnsickle\AATurret.h(8): warning C4244: 'initializing' : conversion from 'const double' to 'const float', possible loss of data
     1>c:\projects\sootandsickle\sootnsickle\sootnsickle\AATurret.h(9): warning C4305: 'initializing' : truncation from 'double' to 'const float'
     1>c:\projects\sootandsickle\sootnsickle\sootnsickle\AATurret.h(10): warning C4305: 'initializing' : truncation from 'double' to 'const float'
     1>c:\projects\sootandsickle\sootnsickle\sootnsickle\Zombie.h(11): warning C4244: 'initializing' : conversion from 'double' to 'const float', possible loss of data
     1>c:\projects\sootandsickle\sootnsickle\sootnsickle\Zombie.h(12): warning C4244: 'initializing' : conversion from 'double' to 'const float', possible loss of data
     1>c:\projects\sootandsickle\sootnsickle\sootnsickle\Zombie.h(13): warning C4244: 'initializing' : conversion from 'double' to 'const float', possible loss of data
     1>c:\projects\sootandsickle\sootnsickle\sootnsickle\ZombieBat.h(9): warning C4244: 'initializing' : conversion from 'double' to 'const float', possible loss of data
     1>c:\projects\sootandsickle\sootnsickle\sootnsickle\ZombieBat.h(10): warning C4244: 'initializing' : conversion from 'double' to 'const float', possible loss of data
     1>c:\projects\sootandsickle\sootnsickle\sootnsickle\ZombieBat.h(11): warning C4244: 'initializing' : conversion from 'double' to 'const float', possible loss of data
     1>c:\projects\sootandsickle\sootnsickle\sootnsickle\Factory.h(17): warning C4244: 'argument' : conversion from 'const int' to 'float', possible loss of data
     1>c:\projects\sootandsickle\sootnsickle\sootnsickle\SootNSickle.h(70): warning C4305: 'initializing' : truncation from 'double' to 'const float'
     1>c:\projects\sootandsickle\sootnsickle\sootnsickle\SootNSickle.h(258): warning C4244: 'argument' : conversion from 'int' to 'FLOAT', possible loss of data
     1>c:\projects\sootandsickle\sootnsickle\sootnsickle\SootNSickle.h(305): warning C4244: 'return' : conversion from 'float' to 'int', possible loss of data
     1>AATurret(C).cpp(10): warning C4244: 'argument' : conversion from 'const double' to 'float', possible loss of data
     1>AATurret(C).cpp(92): warning C4244: 'argument' : conversion from 'const double' to 'float', possible loss of data
     1>AATurret(C).cpp(146): warning C4244: 'argument' : conversion from 'const double' to 'float', possible loss of data
         Actor.cpp
         AGTurret(C).cpp
     1>c:\projects\sootandsickle\sootnsickle\sootnsickle\Building.h(38): warning C4244: 'return' : conversion from 'double' to 'float', possible loss of data
     1>c:\projects\sootandsickle\sootnsickle\sootnsickle\Building.h(40): warning C4244: 'return' : conversion from 'double' to 'float', possible loss of data
     1>c:\projects\sootandsickle\sootnsickle\sootnsickle\Building.h(45): warning C4244: 'argument' : conversion from 'double' to 'float', possible loss of data
     1>c:\projects\sootandsickle\sootnsickle\sootnsickle\Turret.h(7): warning C4244: 'initializing' : conversion from 'const double' to 'const float', possible loss of data
     1>c:\projects\sootandsickle\sootnsickle\sootnsickle\Turret.h(8): warning C4244: 'initializing' : conversion from 'double' to 'const float', possible loss of data
     1>c:\projects\sootandsickle\sootnsickle\sootnsickle\Turret.h(9): warning C4244: 'initializing' : conversion from 'double' to 'const float', possible loss of data
     1>c:\projects\sootandsickle\sootnsickle\sootnsickle\Turret.h(10): warning C4244: 'initializing' : conversion from 'const double' to 'const float', possible loss of data
     1>c:\projects\sootandsickle\sootnsickle\sootnsickle\Turret.h(11): warning C4305: 'initializing' : truncation from 'double' to 'const float'
     1>c:\projects\sootandsickle\sootnsickle\sootnsickle\AGTurret.h(6): warning C4244: 'initializing' : conversion from 'const double' to 'const float', possible loss of data
     1>c:\projects\sootandsickle\sootnsickle\sootnsickle\AGTurret.h(7): warning C4244: 'initializing' : conversion from 'double' to 'const float', possible loss of data
     1>c:\projects\sootandsickle\sootnsickle\sootnsickle\AGTurret.h(8): warning C4244: 'initializing' : conversion from 'const double' to 'const float', possible loss of data
     1>c:\projects\sootandsickle\sootnsickle\sootnsickle\AGTurret.h(9): warning C4305: 'initializing' : truncation from 'double' to 'const float'
     1>c:\projects\sootandsickle\sootnsickle\sootnsickle\Base.h(24): warning C4244: '=' : conversion from 'const double' to 'float', possible loss of data
     1>c:\projects\sootandsickle\sootnsickle\sootnsickle\AATurret.h(6): warning C4244: 'initializing' : conversion from 'const double' to 'const float', possible loss of data
     1>c:\projects\sootandsickle\sootnsickle\sootnsickle\AATurret.h(7): warning C4244: 'initializing' : conversion from 'double' to 'const float', possible loss of data
     1>c:\projects\sootandsickle\sootnsickle\sootnsickle\AATurret.h(8): warning C4244: 'initializing' : conversion from 'const double' to 'const float', possible loss of data
     1>c:\projects\sootandsickle\sootnsickle\sootnsickle\AATurret.h(9): warning C4305: 'initializing' : truncation from 'double' to 'const float'
     1>c:\projects\sootandsickle\sootnsickle\sootnsickle\AATurret.h(10): warning C4305: 'initializing' : truncation from 'double' to 'const float'
     1>c:\projects\sootandsickle\sootnsickle\sootnsickle\Zombie.h(11): warning C4244: 'initializing' : conversion from 'double' to 'const float', possible loss of data
     1>c:\projects\sootandsickle\sootnsickle\sootnsickle\Zombie.h(12): warning C4244: 'initializing' : conversion from 'double' to 'const float', possible loss of data
     1>c:\projects\sootandsickle\sootnsickle\sootnsickle\Zombie.h(13): warning C4244: 'initializing' : conversion from 'double' to 'const float', possible loss of data
     1>c:\projects\sootandsickle\sootnsickle\sootnsickle\ZombieBat.h(9): warning C4244: 'initializing' : conversion from 'double' to 'const float', possible loss of data
     1>c:\projects\sootandsickle\sootnsickle\sootnsickle\ZombieBat.h(10): warning C4244: 'initializing' : conversion from 'double' to 'const float', possible loss of data
     1>c:\projects\sootandsickle\sootnsickle\sootnsickle\ZombieBat.h(11): warning C4244: 'initializing' : conversion from 'double' to 'const float', possible loss of data
     1>c:\projects\sootandsickle\sootnsickle\sootnsickle\Factory.h(17): warning C4244: 'argument' : conversion from 'const int' to 'float', possible loss of data
     1>c:\projects\sootandsickle\sootnsickle\sootnsickle\SootNSickle.h(70): warning C4305: 'initializing' : truncation from 'double' to 'const float'
     1>c:\projects\sootandsickle\sootnsickle\sootnsickle\SootNSickle.h(258): warning C4244: 'argument' : conversion from 'int' to 'FLOAT', possible loss of data
     1>c:\projects\sootandsickle\sootnsickle\sootnsickle\SootNSickle.h(305): warning C4244: 'return' : conversion from 'float' to 'int', possible loss of data
     1>AGTurret(C).cpp(10): warning C4244: 'argument' : conversion from 'const double' to 'float', possible loss of data
         AirField(J).cpp
     1>c:\projects\sootandsickle\sootnsickle\sootnsickle\Building.h(38): warning C4244: 'return' : conversion from 'double' to 'float', possible loss of data
     1>c:\projects\sootandsickle\sootnsickle\sootnsickle\Building.h(40): warning C4244: 'return' : conversion from 'double' to 'float', possible loss of data
     1>c:\projects\sootandsickle\sootnsickle\sootnsickle\Building.h(45): warning C4244: 'argument' : conversion from 'double' to 'float', possible loss of data
     1>c:\projects\sootandsickle\sootnsickle\sootnsickle\Base.h(24): warning C4244: '=' : conversion from 'const double' to 'float', possible loss of data
     1>c:\projects\sootandsickle\sootnsickle\sootnsickle\Turret.h(7): warning C4244: 'initializing' : conversion from 'const double' to 'const float', possible loss of data
     1>c:\projects\sootandsickle\sootnsickle\sootnsickle\Turret.h(8): warning C4244: 'initializing' : conversion from 'double' to 'const float', possible loss of data
     1>c:\projects\sootandsickle\sootnsickle\sootnsickle\Turret.h(9): warning C4244: 'initializing' : conversion from 'double' to 'const float', possible loss of data
     1>c:\projects\sootandsickle\sootnsickle\sootnsickle\Turret.h(10): warning C4244: 'initializing' : conversion from 'const double' to 'const float', possible loss of data
     1>c:\projects\sootandsickle\sootnsickle\sootnsickle\Turret.h(11): warning C4305: 'initializing' : truncation from 'double' to 'const float'
     1>c:\projects\sootandsickle\sootnsickle\sootnsickle\AATurret.h(6): warning C4244: 'initializing' : conversion from 'const double' to 'const float', possible loss of data
     1>c:\projects\sootandsickle\sootnsickle\sootnsickle\AATurret.h(7): warning C4244: 'initializing' : conversion from 'double' to 'const float', possible loss of data
     1>c:\projects\sootandsickle\sootnsickle\sootnsickle\AATurret.h(8): warning C4244: 'initializing' : conversion from 'const double' to 'const float', possible loss of data
     1>c:\projects\sootandsickle\sootnsickle\sootnsickle\AATurret.h(9): warning C4305: 'initializing' : truncation from 'double' to 'const float'
     1>c:\projects\sootandsickle\sootnsickle\sootnsickle\AATurret.h(10): warning C4305: 'initializing' : truncation from 'double' to 'const float'
     1>c:\projects\sootandsickle\sootnsickle\sootnsickle\Zombie.h(11): warning C4244: 'initializing' : conversion from 'double' to 'const float', possible loss of data
     1>c:\projects\sootandsickle\sootnsickle\sootnsickle\Zombie.h(12): warning C4244: 'initializing' : conversion from 'double' to 'const float', possible loss of data
     1>c:\projects\sootandsickle\sootnsickle\sootnsickle\Zombie.h(13): warning C4244: 'initializing' : conversion from 'double' to 'const float', possible loss of data
     1>c:\projects\sootandsickle\sootnsickle\sootnsickle\ZombieBat.h(9): warning C4244: 'initializing' : conversion from 'double' to 'const float', possible loss of data
     1>c:\projects\sootandsickle\sootnsickle\sootnsickle\ZombieBat.h(10): warning C4244: 'initializing' : conversion from 'double' to 'const float', possible loss of data
     1>c:\projects\sootandsickle\sootnsickle\sootnsickle\ZombieBat.h(11): warning C4244: 'initializing' : conversion from 'double' to 'const float', possible loss of data
     1>c:\projects\sootandsickle\sootnsickle\sootnsickle\Factory.h(17): warning C4244: 'argument' : conversion from 'const int' to 'float', possible loss of data
     1>c:\projects\sootandsickle\sootnsickle\sootnsickle\sootnsickle.h(70): warning C4305: 'initializing' : truncation from 'double' to 'const float'
     1>c:\projects\sootandsickle\sootnsickle\sootnsickle\sootnsickle.h(258): warning C4244: 'argument' : conversion from 'int' to 'FLOAT', possible loss of data
     1>c:\projects\sootandsickle\sootnsickle\sootnsickle\sootnsickle.h(305): warning C4244: 'return' : conversion from 'float' to 'int', possible loss of data
         ActorWithHealthBar(J).cpp
     1>c:\projects\sootandsickle\sootnsickle\sootnsickle\Building.h(38): warning C4244: 'return' : conversion from 'double' to 'float', possible loss of data
     1>c:\projects\sootandsickle\sootnsickle\sootnsickle\Building.h(40): warning C4244: 'return' : conversion from 'double' to 'float', possible loss of data
     1>c:\projects\sootandsickle\sootnsickle\sootnsickle\Building.h(45): warning C4244: 'argument' : conversion from 'double' to 'float', possible loss of data
     1>c:\projects\sootandsickle\sootnsickle\sootnsickle\Base.h(24): warning C4244: '=' : conversion from 'const double' to 'float', possible loss of data
     1>c:\projects\sootandsickle\sootnsickle\sootnsickle\Turret.h(7): warning C4244: 'initializing' : conversion from 'const double' to 'const float', possible loss of data
     1>c:\projects\sootandsickle\sootnsickle\sootnsickle\Turret.h(8): warning C4244: 'initializing' : conversion from 'double' to 'const float', possible loss of data
     1>c:\projects\sootandsickle\sootnsickle\sootnsickle\Turret.h(9): warning C4244: 'initializing' : conversion from 'double' to 'const float', possible loss of data
     1>c:\projects\sootandsickle\sootnsickle\sootnsickle\Turret.h(10): warning C4244: 'initializing' : conversion from 'const double' to 'const float', possible loss of data
     1>c:\projects\sootandsickle\sootnsickle\sootnsickle\Turret.h(11): warning C4305: 'initializing' : truncation from 'double' to 'const float'
     1>c:\projects\sootandsickle\sootnsickle\sootnsickle\AATurret.h(6): warning C4244: 'initializing' : conversion from 'const double' to 'const float', possible loss of data
     1>c:\projects\sootandsickle\sootnsickle\sootnsickle\AATurret.h(7): warning C4244: 'initializing' : conversion from 'double' to 'const float', possible loss of data
     1>c:\projects\sootandsickle\sootnsickle\sootnsickle\AATurret.h(8): warning C4244: 'initializing' : conversion from 'const double' to 'const float', possible loss of data
     1>c:\projects\sootandsickle\sootnsickle\sootnsickle\AATurret.h(9): warning C4305: 'initializing' : truncation from 'double' to 'const float'
     1>c:\projects\sootandsickle\sootnsickle\sootnsickle\AATurret.h(10): warning C4305: 'initializing' : truncation from 'double' to 'const float'
     1>c:\projects\sootandsickle\sootnsickle\sootnsickle\Zombie.h(11): warning C4244: 'initializing' : conversion from 'double' to 'const float', possible loss of data
     1>c:\projects\sootandsickle\sootnsickle\sootnsickle\Zombie.h(12): warning C4244: 'initializing' : conversion from 'double' to 'const float', possible loss of data
     1>c:\projects\sootandsickle\sootnsickle\sootnsickle\Zombie.h(13): warning C4244: 'initializing' : conversion from 'double' to 'const float', possible loss of data
     1>c:\projects\sootandsickle\sootnsickle\sootnsickle\ZombieBat.h(9): warning C4244: 'initializing' : conversion from 'double' to 'const float', possible loss of data
     1>c:\projects\sootandsickle\sootnsickle\sootnsickle\ZombieBat.h(10): warning C4244: 'initializing' : conversion from 'double' to 'const float', possible loss of data
     1>c:\projects\sootandsickle\sootnsickle\sootnsickle\ZombieBat.h(11): warning C4244: 'initializing' : conversion from 'double' to 'const float', possible loss of data
     1>c:\projects\sootandsickle\sootnsickle\sootnsickle\Factory.h(17): warning C4244: 'argument' : conversion from 'const int' to 'float', possible loss of data
     1>c:\projects\sootandsickle\sootnsickle\sootnsickle\sootnsickle.h(70): warning C4305: 'initializing' : truncation from 'double' to 'const float'
     1>c:\projects\sootandsickle\sootnsickle\sootnsickle\sootnsickle.h(258): warning C4244: 'argument' : conversion from 'int' to 'FLOAT', possible loss of data
     1>c:\projects\sootandsickle\sootnsickle\sootnsickle\sootnsickle.h(305): warning C4244: 'return' : conversion from 'float' to 'int', possible loss of data
         audio.cpp
         Base(J).cpp
     1>c:\projects\sootandsickle\sootnsickle\sootnsickle\Building.h(38): warning C4244: 'return' : conversion from 'double' to 'float', possible loss of data
     1>c:\projects\sootandsickle\sootnsickle\sootnsickle\Building.h(40): warning C4244: 'return' : conversion from 'double' to 'float', possible loss of data
     1>c:\projects\sootandsickle\sootnsickle\sootnsickle\Building.h(45): warning C4244: 'argument' : conversion from 'double' to 'float', possible loss of data
     1>c:\projects\sootandsickle\sootnsickle\sootnsickle\Base.h(24): warning C4244: '=' : conversion from 'const double' to 'float', possible loss of data
     1>c:\projects\sootandsickle\sootnsickle\sootnsickle\Turret.h(7): warning C4244: 'initializing' : conversion from 'const double' to 'const float', possible loss of data
     1>c:\projects\sootandsickle\sootnsickle\sootnsickle\Turret.h(8): warning C4244: 'initializing' : conversion from 'double' to 'const float', possible loss of data
     1>c:\projects\sootandsickle\sootnsickle\sootnsickle\Turret.h(9): warning C4244: 'initializing' : conversion from 'double' to 'const float', possible loss of data
     1>c:\projects\sootandsickle\sootnsickle\sootnsickle\Turret.h(10): warning C4244: 'initializing' : conversion from 'const double' to 'const float', possible loss of data
     1>c:\projects\sootandsickle\sootnsickle\sootnsickle\Turret.h(11): warning C4305: 'initializing' : truncation from 'double' to 'const float'
     1>c:\projects\sootandsickle\sootnsickle\sootnsickle\AATurret.h(6): warning C4244: 'initializing' : conversion from 'const double' to 'const float', possible loss of data
     1>c:\projects\sootandsickle\sootnsickle\sootnsickle\AATurret.h(7): warning C4244: 'initializing' : conversion from 'double' to 'const float', possible loss of data
     1>c:\projects\sootandsickle\sootnsickle\sootnsickle\AATurret.h(8): warning C4244: 'initializing' : conversion from 'const double' to 'const float', possible loss of data
     1>c:\projects\sootandsickle\sootnsickle\sootnsickle\AATurret.h(9): warning C4305: 'initializing' : truncation from 'double' to 'const float'
     1>c:\projects\sootandsickle\sootnsickle\sootnsickle\AATurret.h(10): warning C4305: 'initializing' : truncation from 'double' to 'const float'
     1>c:\projects\sootandsickle\sootnsickle\sootnsickle\Zombie.h(11): warning C4244: 'initializing' : conversion from 'double' to 'const float', possible loss of data
     1>c:\projects\sootandsickle\sootnsickle\sootnsickle\Zombie.h(12): warning C4244: 'initializing' : conversion from 'double' to 'const float', possible loss of data
     1>c:\projects\sootandsickle\sootnsickle\sootnsickle\Zombie.h(13): warning C4244: 'initializing' : conversion from 'double' to 'const float', possible loss of data
     1>c:\projects\sootandsickle\sootnsickle\sootnsickle\ZombieBat.h(9): warning C4244: 'initializing' : conversion from 'double' to 'const float', possible loss of data
     1>c:\projects\sootandsickle\sootnsickle\sootnsickle\ZombieBat.h(10): warning C4244: 'initializing' : conversion from 'double' to 'const float', possible loss of data
     1>c:\projects\sootandsickle\sootnsickle\sootnsickle\ZombieBat.h(11): warning C4244: 'initializing' : conversion from 'double' to 'const float', possible loss of data
     1>c:\projects\sootandsickle\sootnsickle\sootnsickle\Factory.h(17): warning C4244: 'argument' : conversion from 'const int' to 'float', possible loss of data
     1>c:\projects\sootandsickle\sootnsickle\sootnsickle\sootnsickle.h(70): warning C4305: 'initializing' : truncation from 'double' to 'const float'
     1>c:\projects\sootandsickle\sootnsickle\sootnsickle\sootnsickle.h(258): warning C4244: 'argument' : conversion from 'int' to 'FLOAT', possible loss of data
     1>c:\projects\sootandsickle\sootnsickle\sootnsickle\sootnsickle.h(305): warning C4244: 'return' : conversion from 'float' to 'int', possible loss of data
     1>Base(J).cpp(13): warning C4244: 'initializing' : conversion from 'double' to 'float', possible loss of data
     1>Base(J).cpp(23): warning C4244: 'initializing' : conversion from 'double' to 'float', possible loss of data
         Building (J).cpp
     1>c:\projects\sootandsickle\sootnsickle\sootnsickle\Building.h(38): warning C4244: 'return' : conversion from 'double' to 'float', possible loss of data
     1>c:\projects\sootandsickle\sootnsickle\sootnsickle\Building.h(40): warning C4244: 'return' : conversion from 'double' to 'float', possible loss of data
     1>c:\projects\sootandsickle\sootnsickle\sootnsickle\Building.h(45): warning C4244: 'argument' : conversion from 'double' to 'float', possible loss of data
     1>c:\projects\sootandsickle\sootnsickle\sootnsickle\Base.h(24): warning C4244: '=' : conversion from 'const double' to 'float', possible loss of data
     1>c:\projects\sootandsickle\sootnsickle\sootnsickle\Turret.h(7): warning C4244: 'initializing' : conversion from 'const double' to 'const float', possible loss of data
     1>c:\projects\sootandsickle\sootnsickle\sootnsickle\Turret.h(8): warning C4244: 'initializing' : conversion from 'double' to 'const float', possible loss of data
     1>c:\projects\sootandsickle\sootnsickle\sootnsickle\Turret.h(9): warning C4244: 'initializing' : conversion from 'double' to 'const float', possible loss of data
     1>c:\projects\sootandsickle\sootnsickle\sootnsickle\Turret.h(10): warning C4244: 'initializing' : conversion from 'const double' to 'const float', possible loss of data
     1>c:\projects\sootandsickle\sootnsickle\sootnsickle\Turret.h(11): warning C4305: 'initializing' : truncation from 'double' to 'const float'
     1>c:\projects\sootandsickle\sootnsickle\sootnsickle\AATurret.h(6): warning C4244: 'initializing' : conversion from 'const double' to 'const float', possible loss of data
     1>c:\projects\sootandsickle\sootnsickle\sootnsickle\AATurret.h(7): warning C4244: 'initializing' : conversion from 'double' to 'const float', possible loss of data
     1>c:\projects\sootandsickle\sootnsickle\sootnsickle\AATurret.h(8): warning C4244: 'initializing' : conversion from 'const double' to 'const float', possible loss of data
     1>c:\projects\sootandsickle\sootnsickle\sootnsickle\AATurret.h(9): warning C4305: 'initializing' : truncation from 'double' to 'const float'
     1>c:\projects\sootandsickle\sootnsickle\sootnsickle\AATurret.h(10): warning C4305: 'initializing' : truncation from 'double' to 'const float'
     1>c:\projects\sootandsickle\sootnsickle\sootnsickle\Zombie.h(11): warning C4244: 'initializing' : conversion from 'double' to 'const float', possible loss of data
     1>c:\projects\sootandsickle\sootnsickle\sootnsickle\Zombie.h(12): warning C4244: 'initializing' : conversion from 'double' to 'const float', possible loss of data
     1>c:\projects\sootandsickle\sootnsickle\sootnsickle\Zombie.h(13): warning C4244: 'initializing' : conversion from 'double' to 'const float', possible loss of data
     1>c:\projects\sootandsickle\sootnsickle\sootnsickle\ZombieBat.h(9): warning C4244: 'initializing' : conversion from 'double' to 'const float', possible loss of data
     1>c:\projects\sootandsickle\sootnsickle\sootnsickle\ZombieBat.h(10): warning C4244: 'initializing' : conversion from 'double' to 'const float', possible loss of data
     1>c:\projects\sootandsickle\sootnsickle\sootnsickle\ZombieBat.h(11): warning C4244: 'initializing' : conversion from 'double' to 'const float', possible loss of data
     1>c:\projects\sootandsickle\sootnsickle\sootnsickle\Factory.h(17): warning C4244: 'argument' : conversion from 'const int' to 'float', possible loss of data
     1>c:\projects\sootandsickle\sootnsickle\sootnsickle\sootnsickle.h(70): warning C4305: 'initializing' : truncation from 'double' to 'const float'
     1>c:\projects\sootandsickle\sootnsickle\sootnsickle\sootnsickle.h(258): warning C4244: 'argument' : conversion from 'int' to 'FLOAT', possible loss of data
     1>c:\projects\sootandsickle\sootnsickle\sootnsickle\sootnsickle.h(305): warning C4244: 'return' : conversion from 'float' to 'int', possible loss of data
     1>Building (J).cpp(18): warning C4244: '=' : conversion from 'float' to 'LONG', possible loss of data
     1>Building (J).cpp(19): warning C4244: '=' : conversion from 'float' to 'LONG', possible loss of data
     1>Building (J).cpp(29): warning C4244: '=' : conversion from 'float' to 'LONG', possible loss of data
     1>Building (J).cpp(30): warning C4244: '=' : conversion from 'float' to 'LONG', possible loss of data
         Button(J).cpp
     1>c:\projects\sootandsickle\sootnsickle\sootnsickle\Building.h(38): warning C4244: 'return' : conversion from 'double' to 'float', possible loss of data
     1>c:\projects\sootandsickle\sootnsickle\sootnsickle\Building.h(40): warning C4244: 'return' : conversion from 'double' to 'float', possible loss of data
     1>c:\projects\sootandsickle\sootnsickle\sootnsickle\Building.h(45): warning C4244: 'argument' : conversion from 'double' to 'float', possible loss of data
     1>c:\projects\sootandsickle\sootnsickle\sootnsickle\Base.h(24): warning C4244: '=' : conversion from 'const double' to 'float', possible loss of data
     1>c:\projects\sootandsickle\sootnsickle\sootnsickle\Turret.h(7): warning C4244: 'initializing' : conversion from 'const double' to 'const float', possible loss of data
     1>c:\projects\sootandsickle\sootnsickle\sootnsickle\Turret.h(8): warning C4244: 'initializing' : conversion from 'double' to 'const float', possible loss of data
     1>c:\projects\sootandsickle\sootnsickle\sootnsickle\Turret.h(9): warning C4244: 'initializing' : conversion from 'double' to 'const float', possible loss of data
     1>c:\projects\sootandsickle\sootnsickle\sootnsickle\Turret.h(10): warning C4244: 'initializing' : conversion from 'const double' to 'const float', possible loss of data
     1>c:\projects\sootandsickle\sootnsickle\sootnsickle\Turret.h(11): warning C4305: 'initializing' : truncation from 'double' to 'const float'
     1>c:\projects\sootandsickle\sootnsickle\sootnsickle\AATurret.h(6): warning C4244: 'initializing' : conversion from 'const double' to 'const float', possible loss of data
     1>c:\projects\sootandsickle\sootnsickle\sootnsickle\AATurret.h(7): warning C4244: 'initializing' : conversion from 'double' to 'const float', possible loss of data
     1>c:\projects\sootandsickle\sootnsickle\sootnsickle\AATurret.h(8): warning C4244: 'initializing' : conversion from 'const double' to 'const float', possible loss of data
     1>c:\projects\sootandsickle\sootnsickle\sootnsickle\AATurret.h(9): warning C4305: 'initializing' : truncation from 'double' to 'const float'
     1>c:\projects\sootandsickle\sootnsickle\sootnsickle\AATurret.h(10): warning C4305: 'initializing' : truncation from 'double' to 'const float'
     1>c:\projects\sootandsickle\sootnsickle\sootnsickle\Zombie.h(11): warning C4244: 'initializing' : conversion from 'double' to 'const float', possible loss of data
     1>c:\projects\sootandsickle\sootnsickle\sootnsickle\Zombie.h(12): warning C4244: 'initializing' : conversion from 'double' to 'const float', possible loss of data
     1>c:\projects\sootandsickle\sootnsickle\sootnsickle\Zombie.h(13): warning C4244: 'initializing' : conversion from 'double' to 'const float', possible loss of data
     1>c:\projects\sootandsickle\sootnsickle\sootnsickle\ZombieBat.h(9): warning C4244: 'initializing' : conversion from 'double' to 'const float', possible loss of data
     1>c:\projects\sootandsickle\sootnsickle\sootnsickle\ZombieBat.h(10): warning C4244: 'initializing' : conversion from 'double' to 'const float', possible loss of data
     1>c:\projects\sootandsickle\sootnsickle\sootnsickle\ZombieBat.h(11): warning C4244: 'initializing' : conversion from 'double' to 'const float', possible loss of data
     1>c:\projects\sootandsickle\sootnsickle\sootnsickle\Factory.h(17): warning C4244: 'argument' : conversion from 'const int' to 'float', possible loss of data
     1>c:\projects\sootandsickle\sootnsickle\sootnsickle\sootnsickle.h(70): warning C4305: 'initializing' : truncation from 'double' to 'const float'
     1>c:\projects\sootandsickle\sootnsickle\sootnsickle\sootnsickle.h(258): warning C4244: 'argument' : conversion from 'int' to 'FLOAT', possible loss of data
     1>c:\projects\sootandsickle\sootnsickle\sootnsickle\sootnsickle.h(305): warning C4244: 'return' : conversion from 'float' to 'int', possible loss of data
     1>Button(J).cpp(35): warning C4244: 'argument' : conversion from 'int' to 'FLOAT', possible loss of data
         constants.cpp
         Extractor(J).cpp
     1>c:\projects\sootandsickle\sootnsickle\sootnsickle\Building.h(38): warning C4244: 'return' : conversion from 'double' to 'float', possible loss of data
     1>c:\projects\sootandsickle\sootnsickle\sootnsickle\Building.h(40): warning C4244: 'return' : conversion from 'double' to 'float', possible loss of data
     1>c:\projects\sootandsickle\sootnsickle\sootnsickle\Building.h(45): warning C4244: 'argument' : conversion from 'double' to 'float', possible loss of data
     1>c:\projects\sootandsickle\sootnsickle\sootnsickle\Base.h(24): warning C4244: '=' : conversion from 'const double' to 'float', possible loss of data
     1>c:\projects\sootandsickle\sootnsickle\sootnsickle\Turret.h(7): warning C4244: 'initializing' : conversion from 'const double' to 'const float', possible loss of data
     1>c:\projects\sootandsickle\sootnsickle\sootnsickle\Turret.h(8): warning C4244: 'initializing' : conversion from 'double' to 'const float', possible loss of data
     1>c:\projects\sootandsickle\sootnsickle\sootnsickle\Turret.h(9): warning C4244: 'initializing' : conversion from 'double' to 'const float', possible loss of data
     1>c:\projects\sootandsickle\sootnsickle\sootnsickle\Turret.h(10): warning C4244: 'initializing' : conversion from 'const double' to 'const float', possible loss of data
     1>c:\projects\sootandsickle\sootnsickle\sootnsickle\Turret.h(11): warning C4305: 'initializing' : truncation from 'double' to 'const float'
     1>c:\projects\sootandsickle\sootnsickle\sootnsickle\AATurret.h(6): warning C4244: 'initializing' : conversion from 'const double' to 'const float', possible loss of data
     1>c:\projects\sootandsickle\sootnsickle\sootnsickle\AATurret.h(7): warning C4244: 'initializing' : conversion from 'double' to 'const float', possible loss of data
     1>c:\projects\sootandsickle\sootnsickle\sootnsickle\AATurret.h(8): warning C4244: 'initializing' : conversion from 'const double' to 'const float', possible loss of data
     1>c:\projects\sootandsickle\sootnsickle\sootnsickle\AATurret.h(9): warning C4305: 'initializing' : truncation from 'double' to 'const float'
     1>c:\projects\sootandsickle\sootnsickle\sootnsickle\AATurret.h(10): warning C4305: 'initializing' : truncation from 'double' to 'const float'
     1>c:\projects\sootandsickle\sootnsickle\sootnsickle\Zombie.h(11): warning C4244: 'initializing' : conversion from 'double' to 'const float', possible loss of data
     1>c:\projects\sootandsickle\sootnsickle\sootnsickle\Zombie.h(12): warning C4244: 'initializing' : conversion from 'double' to 'const float', possible loss of data
     1>c:\projects\sootandsickle\sootnsickle\sootnsickle\Zombie.h(13): warning C4244: 'initializing' : conversion from 'double' to 'const float', possible loss of data
     1>c:\projects\sootandsickle\sootnsickle\sootnsickle\ZombieBat.h(9): warning C4244: 'initializing' : conversion from 'double' to 'const float', possible loss of data
     1>c:\projects\sootandsickle\sootnsickle\sootnsickle\ZombieBat.h(10): warning C4244: 'initializing' : conversion from 'double' to 'const float', possible loss of data
     1>c:\projects\sootandsickle\sootnsickle\sootnsickle\ZombieBat.h(11): warning C4244: 'initializing' : conversion from 'double' to 'const float', possible loss of data
     1>c:\projects\sootandsickle\sootnsickle\sootnsickle\Factory.h(17): warning C4244: 'argument' : conversion from 'const int' to 'float', possible loss of data
     1>c:\projects\sootandsickle\sootnsickle\sootnsickle\sootnsickle.h(70): warning C4305: 'initializing' : truncation from 'double' to 'const float'
     1>c:\projects\sootandsickle\sootnsickle\sootnsickle\sootnsickle.h(258): warning C4244: 'argument' : conversion from 'int' to 'FLOAT', possible loss of data
     1>c:\projects\sootandsickle\sootnsickle\sootnsickle\sootnsickle.h(305): warning C4244: 'return' : conversion from 'float' to 'int', possible loss of data
         Factory(J).cpp
     1>c:\projects\sootandsickle\sootnsickle\sootnsickle\Building.h(38): warning C4244: 'return' : conversion from 'double' to 'float', possible loss of data
     1>c:\projects\sootandsickle\sootnsickle\sootnsickle\Building.h(40): warning C4244: 'return' : conversion from 'double' to 'float', possible loss of data
     1>c:\projects\sootandsickle\sootnsickle\sootnsickle\Building.h(45): warning C4244: 'argument' : conversion from 'double' to 'float', possible loss of data
     1>c:\projects\sootandsickle\sootnsickle\sootnsickle\Factory.h(17): warning C4244: 'argument' : conversion from 'const int' to 'float', possible loss of data
     1>c:\projects\sootandsickle\sootnsickle\sootnsickle\Base.h(24): warning C4244: '=' : conversion from 'const double' to 'float', possible loss of data
     1>c:\projects\sootandsickle\sootnsickle\sootnsickle\Turret.h(7): warning C4244: 'initializing' : conversion from 'const double' to 'const float', possible loss of data
     1>c:\projects\sootandsickle\sootnsickle\sootnsickle\Turret.h(8): warning C4244: 'initializing' : conversion from 'double' to 'const float', possible loss of data
     1>c:\projects\sootandsickle\sootnsickle\sootnsickle\Turret.h(9): warning C4244: 'initializing' : conversion from 'double' to 'const float', possible loss of data
     1>c:\projects\sootandsickle\sootnsickle\sootnsickle\Turret.h(10): warning C4244: 'initializing' : conversion from 'const double' to 'const float', possible loss of data
     1>c:\projects\sootandsickle\sootnsickle\sootnsickle\Turret.h(11): warning C4305: 'initializing' : truncation from 'double' to 'const float'
     1>c:\projects\sootandsickle\sootnsickle\sootnsickle\AATurret.h(6): warning C4244: 'initializing' : conversion from 'const double' to 'const float', possible loss of data
     1>c:\projects\sootandsickle\sootnsickle\sootnsickle\AATurret.h(7): warning C4244: 'initializing' : conversion from 'double' to 'const float', possible loss of data
     1>c:\projects\sootandsickle\sootnsickle\sootnsickle\AATurret.h(8): warning C4244: 'initializing' : conversion from 'const double' to 'const float', possible loss of data
     1>c:\projects\sootandsickle\sootnsickle\sootnsickle\AATurret.h(9): warning C4305: 'initializing' : truncation from 'double' to 'const float'
     1>c:\projects\sootandsickle\sootnsickle\sootnsickle\AATurret.h(10): warning C4305: 'initializing' : truncation from 'double' to 'const float'
     1>c:\projects\sootandsickle\sootnsickle\sootnsickle\Zombie.h(11): warning C4244: 'initializing' : conversion from 'double' to 'const float', possible loss of data
     1>c:\projects\sootandsickle\sootnsickle\sootnsickle\Zombie.h(12): warning C4244: 'initializing' : conversion from 'double' to 'const float', possible loss of data
     1>c:\projects\sootandsickle\sootnsickle\sootnsickle\Zombie.h(13): warning C4244: 'initializing' : conversion from 'double' to 'const float', possible loss of data
     1>c:\projects\sootandsickle\sootnsickle\sootnsickle\ZombieBat.h(9): warning C4244: 'initializing' : conversion from 'double' to 'const float', possible loss of data
     1>c:\projects\sootandsickle\sootnsickle\sootnsickle\ZombieBat.h(10): warning C4244: 'initializing' : conversion from 'double' to 'const float', possible loss of data
     1>c:\projects\sootandsickle\sootnsickle\sootnsickle\ZombieBat.h(11): warning C4244: 'initializing' : conversion from 'double' to 'const float', possible loss of data
     1>c:\projects\sootandsickle\sootnsickle\sootnsickle\sootnsickle.h(70): warning C4305: 'initializing' : truncation from 'double' to 'const float'
     1>c:\projects\sootandsickle\sootnsickle\sootnsickle\sootnsickle.h(258): warning C4244: 'argument' : conversion from 'int' to 'FLOAT', possible loss of data
     1>c:\projects\sootandsickle\sootnsickle\sootnsickle\sootnsickle.h(305): warning C4244: 'return' : conversion from 'float' to 'int', possible loss of data
         game.cpp
         graphics.cpp
         HealthBar(J).cpp
     1>HealthBar(J).cpp(23): warning C4244: 'argument' : conversion from 'double' to 'float', possible loss of data
     1>HealthBar(J).cpp(24): warning C4244: 'argument' : conversion from 'double' to 'float', possible loss of data
     1>HealthBar(J).cpp(25): warning C4244: 'initializing' : conversion from 'float' to 'int', possible loss of data
         House(J).cpp
         MineralPatch(J).cpp
     1>c:\projects\sootandsickle\sootnsickle\sootnsickle\Building.h(38): warning C4244: 'return' : conversion from 'double' to 'float', possible loss of data
     1>c:\projects\sootandsickle\sootnsickle\sootnsickle\Building.h(40): warning C4244: 'return' : conversion from 'double' to 'float', possible loss of data
     1>c:\projects\sootandsickle\sootnsickle\sootnsickle\Building.h(45): warning C4244: 'argument' : conversion from 'double' to 'float', possible loss of data
     1>c:\projects\sootandsickle\sootnsickle\sootnsickle\Base.h(24): warning C4244: '=' : conversion from 'const double' to 'float', possible loss of data
     1>c:\projects\sootandsickle\sootnsickle\sootnsickle\Turret.h(7): warning C4244: 'initializing' : conversion from 'const double' to 'const float', possible loss of data
     1>c:\projects\sootandsickle\sootnsickle\sootnsickle\Turret.h(8): warning C4244: 'initializing' : conversion from 'double' to 'const float', possible loss of data
     1>c:\projects\sootandsickle\sootnsickle\sootnsickle\Turret.h(9): warning C4244: 'initializing' : conversion from 'double' to 'const float', possible loss of data
     1>c:\projects\sootandsickle\sootnsickle\sootnsickle\Turret.h(10): warning C4244: 'initializing' : conversion from 'const double' to 'const float', possible loss of data
     1>c:\projects\sootandsickle\sootnsickle\sootnsickle\Turret.h(11): warning C4305: 'initializing' : truncation from 'double' to 'const float'
     1>c:\projects\sootandsickle\sootnsickle\sootnsickle\AATurret.h(6): warning C4244: 'initializing' : conversion from 'const double' to 'const float', possible loss of data
     1>c:\projects\sootandsickle\sootnsickle\sootnsickle\AATurret.h(7): warning C4244: 'initializing' : conversion from 'double' to 'const float', possible loss of data
     1>c:\projects\sootandsickle\sootnsickle\sootnsickle\AATurret.h(8): warning C4244: 'initializing' : conversion from 'const double' to 'const float', possible loss of data
     1>c:\projects\sootandsickle\sootnsickle\sootnsickle\AATurret.h(9): warning C4305: 'initializing' : truncation from 'double' to 'const float'
     1>c:\projects\sootandsickle\sootnsickle\sootnsickle\AATurret.h(10): warning C4305: 'initializing' : truncation from 'double' to 'const float'
     1>c:\projects\sootandsickle\sootnsickle\sootnsickle\Zombie.h(11): warning C4244: 'initializing' : conversion from 'double' to 'const float', possible loss of data
     1>c:\projects\sootandsickle\sootnsickle\sootnsickle\Zombie.h(12): warning C4244: 'initializing' : conversion from 'double' to 'const float', possible loss of data
     1>c:\projects\sootandsickle\sootnsickle\sootnsickle\Zombie.h(13): warning C4244: 'initializing' : conversion from 'double' to 'const float', possible loss of data
     1>c:\projects\sootandsickle\sootnsickle\sootnsickle\ZombieBat.h(9): warning C4244: 'initializing' : conversion from 'double' to 'const float', possible loss of data
     1>c:\projects\sootandsickle\sootnsickle\sootnsickle\ZombieBat.h(10): warning C4244: 'initializing' : conversion from 'double' to 'const float', possible loss of data
     1>c:\projects\sootandsickle\sootnsickle\sootnsickle\ZombieBat.h(11): warning C4244: 'initializing' : conversion from 'double' to 'const float', possible loss of data
     1>c:\projects\sootandsickle\sootnsickle\sootnsickle\Factory.h(17): warning C4244: 'argument' : conversion from 'const int' to 'float', possible loss of data
     1>c:\projects\sootandsickle\sootnsickle\sootnsickle\sootnsickle.h(70): warning C4305: 'initializing' : truncation from 'double' to 'const float'
     1>c:\projects\sootandsickle\sootnsickle\sootnsickle\sootnsickle.h(258): warning C4244: 'argument' : conversion from 'int' to 'FLOAT', possible loss of data
     1>c:\projects\sootandsickle\sootnsickle\sootnsickle\sootnsickle.h(305): warning C4244: 'return' : conversion from 'float' to 'int', possible loss of data
     1>MineralPatch(J).cpp(11): warning C4552: '>' : operator has no effect; expected operator with side-effect
     1>MineralPatch(J).cpp(41): warning C4244: '=' : conversion from 'float' to 'LONG', possible loss of data
     1>MineralPatch(J).cpp(42): warning C4244: '=' : conversion from 'float' to 'LONG', possible loss of data
         Particle(J).cpp
     1>Particle(J).cpp(6): warning C4244: 'argument' : conversion from 'const double' to 'float', possible loss of data
         PowerSupply(J).cpp
     1>c:\projects\sootandsickle\sootnsickle\sootnsickle\Building.h(38): warning C4244: 'return' : conversion from 'double' to 'float', possible loss of data
     1>c:\projects\sootandsickle\sootnsickle\sootnsickle\Building.h(40): warning C4244: 'return' : conversion from 'double' to 'float', possible loss of data
     1>c:\projects\sootandsickle\sootnsickle\sootnsickle\Building.h(45): warning C4244: 'argument' : conversion from 'double' to 'float', possible loss of data
     1>c:\projects\sootandsickle\sootnsickle\sootnsickle\Base.h(24): warning C4244: '=' : conversion from 'const double' to 'float', possible loss of data
     1>c:\projects\sootandsickle\sootnsickle\sootnsickle\Turret.h(7): warning C4244: 'initializing' : conversion from 'const double' to 'const float', possible loss of data
     1>c:\projects\sootandsickle\sootnsickle\sootnsickle\Turret.h(8): warning C4244: 'initializing' : conversion from 'double' to 'const float', possible loss of data
     1>c:\projects\sootandsickle\sootnsickle\sootnsickle\Turret.h(9): warning C4244: 'initializing' : conversion from 'double' to 'const float', possible loss of data
     1>c:\projects\sootandsickle\sootnsickle\sootnsickle\Turret.h(10): warning C4244: 'initializing' : conversion from 'const double' to 'const float', possible loss of data
     1>c:\projects\sootandsickle\sootnsickle\sootnsickle\Turret.h(11): warning C4305: 'initializing' : truncation from 'double' to 'const float'
     1>c:\projects\sootandsickle\sootnsickle\sootnsickle\AATurret.h(6): warning C4244: 'initializing' : conversion from 'const double' to 'const float', possible loss of data
     1>c:\projects\sootandsickle\sootnsickle\sootnsickle\AATurret.h(7): warning C4244: 'initializing' : conversion from 'double' to 'const float', possible loss of data
     1>c:\projects\sootandsickle\sootnsickle\sootnsickle\AATurret.h(8): warning C4244: 'initializing' : conversion from 'const double' to 'const float', possible loss of data
     1>c:\projects\sootandsickle\sootnsickle\sootnsickle\AATurret.h(9): warning C4305: 'initializing' : truncation from 'double' to 'const float'
     1>c:\projects\sootandsickle\sootnsickle\sootnsickle\AATurret.h(10): warning C4305: 'initializing' : truncation from 'double' to 'const float'
     1>c:\projects\sootandsickle\sootnsickle\sootnsickle\Zombie.h(11): warning C4244: 'initializing' : conversion from 'double' to 'const float', possible loss of data
     1>c:\projects\sootandsickle\sootnsickle\sootnsickle\Zombie.h(12): warning C4244: 'initializing' : conversion from 'double' to 'const float', possible loss of data
     1>c:\projects\sootandsickle\sootnsickle\sootnsickle\Zombie.h(13): warning C4244: 'initializing' : conversion from 'double' to 'const float', possible loss of data
     1>c:\projects\sootandsickle\sootnsickle\sootnsickle\ZombieBat.h(9): warning C4244: 'initializing' : conversion from 'double' to 'const float', possible loss of data
     1>c:\projects\sootandsickle\sootnsickle\sootnsickle\ZombieBat.h(10): warning C4244: 'initializing' : conversion from 'double' to 'const float', possible loss of data
     1>c:\projects\sootandsickle\sootnsickle\sootnsickle\ZombieBat.h(11): warning C4244: 'initializing' : conversion from 'double' to 'const float', possible loss of data
     1>c:\projects\sootandsickle\sootnsickle\sootnsickle\Factory.h(17): warning C4244: 'argument' : conversion from 'const int' to 'float', possible loss of data
     1>c:\projects\sootandsickle\sootnsickle\sootnsickle\sootnsickle.h(70): warning C4305: 'initializing' : truncation from 'double' to 'const float'
     1>c:\projects\sootandsickle\sootnsickle\sootnsickle\sootnsickle.h(258): warning C4244: 'argument' : conversion from 'int' to 'FLOAT', possible loss of data
     1>c:\projects\sootandsickle\sootnsickle\sootnsickle\sootnsickle.h(305): warning C4244: 'return' : conversion from 'float' to 'int', possible loss of data
         sootnsickle(JC).cpp
     1>c:\projects\sootandsickle\sootnsickle\sootnsickle\Building.h(38): warning C4244: 'return' : conversion from 'double' to 'float', possible loss of data
     1>c:\projects\sootandsickle\sootnsickle\sootnsickle\Building.h(40): warning C4244: 'return' : conversion from 'double' to 'float', possible loss of data
     1>c:\projects\sootandsickle\sootnsickle\sootnsickle\Building.h(45): warning C4244: 'argument' : conversion from 'double' to 'float', possible loss of data
     1>c:\projects\sootandsickle\sootnsickle\sootnsickle\Base.h(24): warning C4244: '=' : conversion from 'const double' to 'float', possible loss of data
     1>c:\projects\sootandsickle\sootnsickle\sootnsickle\Turret.h(7): warning C4244: 'initializing' : conversion from 'const double' to 'const float', possible loss of data
     1>c:\projects\sootandsickle\sootnsickle\sootnsickle\Turret.h(8): warning C4244: 'initializing' : conversion from 'double' to 'const float', possible loss of data
     1>c:\projects\sootandsickle\sootnsickle\sootnsickle\Turret.h(9): warning C4244: 'initializing' : conversion from 'double' to 'const float', possible loss of data
     1>c:\projects\sootandsickle\sootnsickle\sootnsickle\Turret.h(10): warning C4244: 'initializing' : conversion from 'const double' to 'const float', possible loss of data
     1>c:\projects\sootandsickle\sootnsickle\sootnsickle\Turret.h(11): warning C4305: 'initializing' : truncation from 'double' to 'const float'
     1>c:\projects\sootandsickle\sootnsickle\sootnsickle\AATurret.h(6): warning C4244: 'initializing' : conversion from 'const double' to 'const float', possible loss of data
     1>c:\projects\sootandsickle\sootnsickle\sootnsickle\AATurret.h(7): warning C4244: 'initializing' : conversion from 'double' to 'const float', possible loss of data
     1>c:\projects\sootandsickle\sootnsickle\sootnsickle\AATurret.h(8): warning C4244: 'initializing' : conversion from 'const double' to 'const float', possible loss of data
     1>c:\projects\sootandsickle\sootnsickle\sootnsickle\AATurret.h(9): warning C4305: 'initializing' : truncation from 'double' to 'const float'
     1>c:\projects\sootandsickle\sootnsickle\sootnsickle\AATurret.h(10): warning C4305: 'initializing' : truncation from 'double' to 'const float'
     1>c:\projects\sootandsickle\sootnsickle\sootnsickle\Zombie.h(11): warning C4244: 'initializing' : conversion from 'double' to 'const float', possible loss of data
     1>c:\projects\sootandsickle\sootnsickle\sootnsickle\Zombie.h(12): warning C4244: 'initializing' : conversion from 'double' to 'const float', possible loss of data
     1>c:\projects\sootandsickle\sootnsickle\sootnsickle\Zombie.h(13): warning C4244: 'initializing' : conversion from 'double' to 'const float', possible loss of data
     1>c:\projects\sootandsickle\sootnsickle\sootnsickle\ZombieBat.h(9): warning C4244: 'initializing' : conversion from 'double' to 'const float', possible loss of data
     1>c:\projects\sootandsickle\sootnsickle\sootnsickle\ZombieBat.h(10): warning C4244: 'initializing' : conversion from 'double' to 'const float', possible loss of data
     1>c:\projects\sootandsickle\sootnsickle\sootnsickle\ZombieBat.h(11): warning C4244: 'initializing' : conversion from 'double' to 'const float', possible loss of data
     1>c:\projects\sootandsickle\sootnsickle\sootnsickle\Factory.h(17): warning C4244: 'argument' : conversion from 'const int' to 'float', possible loss of data
     1>c:\projects\sootandsickle\sootnsickle\sootnsickle\sootnsickle.h(70): warning C4305: 'initializing' : truncation from 'double' to 'const float'
     1>c:\projects\sootandsickle\sootnsickle\sootnsickle\sootnsickle.h(258): warning C4244: 'argument' : conversion from 'int' to 'FLOAT', possible loss of data
     1>c:\projects\sootandsickle\sootnsickle\sootnsickle\sootnsickle.h(305): warning C4244: 'return' : conversion from 'float' to 'int', possible loss of data
     1>sootnsickle(JC).cpp(15): warning C4244: 'argument' : conversion from 'time_t' to 'unsigned int', possible loss of data
     1>sootnsickle(JC).cpp(19): warning C4244: 'argument' : conversion from 'const UINT' to 'FLOAT', possible loss of data
     1>sootnsickle(JC).cpp(23): warning C4244: 'argument' : conversion from 'const UINT' to 'FLOAT', possible loss of data
     1>sootnsickle(JC).cpp(143): warning C4244: 'argument' : conversion from 'const float' to 'int', possible loss of data
     1>sootnsickle(JC).cpp(354): warning C4244: 'argument' : conversion from 'int' to 'FLOAT', possible loss of data
     1>sootnsickle(JC).cpp(385): warning C4244: 'argument' : conversion from 'const UINT' to 'FLOAT', possible loss of data
     1>sootnsickle(JC).cpp(736): warning C4244: '=' : conversion from 'const float' to 'int', possible loss of data
     1>sootnsickle(JC).cpp(737): warning C4244: '=' : conversion from 'const float' to 'int', possible loss of data
     1>sootnsickle(JC).cpp(738): warning C4244: '=' : conversion from 'const float' to 'int', possible loss of data
     1>sootnsickle(JC).cpp(739): warning C4244: '=' : conversion from 'const float' to 'int', possible loss of data
     1>sootnsickle(JC).cpp(740): warning C4244: '=' : conversion from 'const float' to 'int', possible loss of data
     1>sootnsickle(JC).cpp(741): warning C4244: '=' : conversion from 'const float' to 'int', possible loss of data
     1>sootnsickle(JC).cpp(742): warning C4244: '=' : conversion from 'const float' to 'int', possible loss of data
     1>sootnsickle(JC).cpp(747): warning C4244: '=' : conversion from 'float' to 'LONG', possible loss of data
     1>sootnsickle(JC).cpp(748): warning C4244: '=' : conversion from 'float' to 'LONG', possible loss of data
     1>sootnsickle(JC).cpp(781): warning C4244: '=' : conversion from 'float' to 'LONG', possible loss of data
     1>sootnsickle(JC).cpp(829): warning C4244: 'argument' : conversion from 'const UINT' to 'float', possible loss of data
     1>sootnsickle(JC).cpp(853): warning C4244: '+=' : conversion from 'const double' to 'float', possible loss of data
     1>sootnsickle(JC).cpp(855): warning C4244: 'initializing' : conversion from 'int' to 'float', possible loss of data
     1>sootnsickle(JC).cpp(1116): warning C4244: '=' : conversion from 'const double' to 'float', possible loss of data
     1>sootnsickle(JC).cpp(1128): warning C4244: '=' : conversion from 'const double' to 'float', possible loss of data
     1>sootnsickle(JC).cpp(1129): warning C4244: '=' : conversion from 'double' to 'float', possible loss of data
     1>sootnsickle(JC).cpp(1246): warning C4244: '=' : conversion from 'int' to 'float', possible loss of data
         Compiling...
         Turret(JC).cpp
     1>c:\projects\sootandsickle\sootnsickle\sootnsickle\Building.h(38): warning C4244: 'return' : conversion from 'double' to 'float', possible loss of data
     1>c:\projects\sootandsickle\sootnsickle\sootnsickle\Building.h(40): warning C4244: 'return' : conversion from 'double' to 'float', possible loss of data
     1>c:\projects\sootandsickle\sootnsickle\sootnsickle\Building.h(45): warning C4244: 'argument' : conversion from 'double' to 'float', possible loss of data
     1>c:\projects\sootandsickle\sootnsickle\sootnsickle\Turret.h(7): warning C4244: 'initializing' : conversion from 'const double' to 'const float', possible loss of data
     1>c:\projects\sootandsickle\sootnsickle\sootnsickle\Turret.h(8): warning C4244: 'initializing' : conversion from 'double' to 'const float', possible loss of data
     1>c:\projects\sootandsickle\sootnsickle\sootnsickle\Turret.h(9): warning C4244: 'initializing' : conversion from 'double' to 'const float', possible loss of data
     1>c:\projects\sootandsickle\sootnsickle\sootnsickle\Turret.h(10): warning C4244: 'initializing' : conversion from 'const double' to 'const float', possible loss of data
     1>c:\projects\sootandsickle\sootnsickle\sootnsickle\Turret.h(11): warning C4305: 'initializing' : truncation from 'double' to 'const float'
     1>c:\projects\sootandsickle\sootnsickle\sootnsickle\Base.h(24): warning C4244: '=' : conversion from 'const double' to 'float', possible loss of data
     1>c:\projects\sootandsickle\sootnsickle\sootnsickle\AATurret.h(6): warning C4244: 'initializing' : conversion from 'const double' to 'const float', possible loss of data
     1>c:\projects\sootandsickle\sootnsickle\sootnsickle\AATurret.h(7): warning C4244: 'initializing' : conversion from 'double' to 'const float', possible loss of data
     1>c:\projects\sootandsickle\sootnsickle\sootnsickle\AATurret.h(8): warning C4244: 'initializing' : conversion from 'const double' to 'const float', possible loss of data
     1>c:\projects\sootandsickle\sootnsickle\sootnsickle\AATurret.h(9): warning C4305: 'initializing' : truncation from 'double' to 'const float'
     1>c:\projects\sootandsickle\sootnsickle\sootnsickle\AATurret.h(10): warning C4305: 'initializing' : truncation from 'double' to 'const float'
     1>c:\projects\sootandsickle\sootnsickle\sootnsickle\Zombie.h(11): warning C4244: 'initializing' : conversion from 'double' to 'const float', possible loss of data
     1>c:\projects\sootandsickle\sootnsickle\sootnsickle\Zombie.h(12): warning C4244: 'initializing' : conversion from 'double' to 'const float', possible loss of data
     1>c:\projects\sootandsickle\sootnsickle\sootnsickle\Zombie.h(13): warning C4244: 'initializing' : conversion from 'double' to 'const float', possible loss of data
     1>c:\projects\sootandsickle\sootnsickle\sootnsickle\ZombieBat.h(9): warning C4244: 'initializing' : conversion from 'double' to 'const float', possible loss of data
     1>c:\projects\sootandsickle\sootnsickle\sootnsickle\ZombieBat.h(10): warning C4244: 'initializing' : conversion from 'double' to 'const float', possible loss of data
     1>c:\projects\sootandsickle\sootnsickle\sootnsickle\ZombieBat.h(11): warning C4244: 'initializing' : conversion from 'double' to 'const float', possible loss of data
     1>c:\projects\sootandsickle\sootnsickle\sootnsickle\Factory.h(17): warning C4244: 'argument' : conversion from 'const int' to 'float', possible loss of data
     1>c:\projects\sootandsickle\sootnsickle\sootnsickle\SootNSickle.h(70): warning C4305: 'initializing' : truncation from 'double' to 'const float'
     1>c:\projects\sootandsickle\sootnsickle\sootnsickle\SootNSickle.h(258): warning C4244: 'argument' : conversion from 'int' to 'FLOAT', possible loss of data
     1>c:\projects\sootandsickle\sootnsickle\sootnsickle\SootNSickle.h(305): warning C4244: 'return' : conversion from 'float' to 'int', possible loss of data
     1>Turret(JC).cpp(10): warning C4244: 'argument' : conversion from 'const double' to 'float', possible loss of data
     1>Turret(JC).cpp(139): warning C4244: 'argument' : conversion from 'const double' to 'float', possible loss of data
         Utility(J).cpp
     1>Utility(J).cpp(10): warning C4244: 'return' : conversion from 'double' to 'float', possible loss of data
     1>Utility(J).cpp(12): warning C4244: 'return' : conversion from 'double' to 'float', possible loss of data
     1>Utility(J).cpp(14): warning C4244: 'return' : conversion from 'int' to 'float', possible loss of data
     1>Utility(J).cpp(16): warning C4244: 'return' : conversion from 'int' to 'float', possible loss of data
     1>Utility(J).cpp(20): warning C4244: '+=' : conversion from 'const double' to 'float', possible loss of data
     1>Utility(J).cpp(21): warning C4244: '-=' : conversion from 'const double' to 'float', possible loss of data
         Waypoint(C).cpp
         WPManager(C).cpp
         Zombie(JC).cpp
     1>c:\projects\sootandsickle\sootnsickle\sootnsickle\Zombie.h(11): warning C4244: 'initializing' : conversion from 'double' to 'const float', possible loss of data
     1>c:\projects\sootandsickle\sootnsickle\sootnsickle\Zombie.h(12): warning C4244: 'initializing' : conversion from 'double' to 'const float', possible loss of data
     1>c:\projects\sootandsickle\sootnsickle\sootnsickle\Zombie.h(13): warning C4244: 'initializing' : conversion from 'double' to 'const float', possible loss of data
     1>c:\projects\sootandsickle\sootnsickle\sootnsickle\Building.h(38): warning C4244: 'return' : conversion from 'double' to 'float', possible loss of data
     1>c:\projects\sootandsickle\sootnsickle\sootnsickle\Building.h(40): warning C4244: 'return' : conversion from 'double' to 'float', possible loss of data
     1>c:\projects\sootandsickle\sootnsickle\sootnsickle\Building.h(45): warning C4244: 'argument' : conversion from 'double' to 'float', possible loss of data
     1>c:\projects\sootandsickle\sootnsickle\sootnsickle\Base.h(24): warning C4244: '=' : conversion from 'const double' to 'float', possible loss of data
     1>c:\projects\sootandsickle\sootnsickle\sootnsickle\Turret.h(7): warning C4244: 'initializing' : conversion from 'const double' to 'const float', possible loss of data
     1>c:\projects\sootandsickle\sootnsickle\sootnsickle\Turret.h(8): warning C4244: 'initializing' : conversion from 'double' to 'const float', possible loss of data
     1>c:\projects\sootandsickle\sootnsickle\sootnsickle\Turret.h(9): warning C4244: 'initializing' : conversion from 'double' to 'const float', possible loss of data
     1>c:\projects\sootandsickle\sootnsickle\sootnsickle\Turret.h(10): warning C4244: 'initializing' : conversion from 'const double' to 'const float', possible loss of data
     1>c:\projects\sootandsickle\sootnsickle\sootnsickle\Turret.h(11): warning C4305: 'initializing' : truncation from 'double' to 'const float'
     1>c:\projects\sootandsickle\sootnsickle\sootnsickle\AATurret.h(6): warning C4244: 'initializing' : conversion from 'const double' to 'const float', possible loss of data
     1>c:\projects\sootandsickle\sootnsickle\sootnsickle\AATurret.h(7): warning C4244: 'initializing' : conversion from 'double' to 'const float', possible loss of data
     1>c:\projects\sootandsickle\sootnsickle\sootnsickle\AATurret.h(8): warning C4244: 'initializing' : conversion from 'const double' to 'const float', possible loss of data
     1>c:\projects\sootandsickle\sootnsickle\sootnsickle\AATurret.h(9): warning C4305: 'initializing' : truncation from 'double' to 'const float'
     1>c:\projects\sootandsickle\sootnsickle\sootnsickle\AATurret.h(10): warning C4305: 'initializing' : truncation from 'double' to 'const float'
     1>c:\projects\sootandsickle\sootnsickle\sootnsickle\ZombieBat.h(9): warning C4244: 'initializing' : conversion from 'double' to 'const float', possible loss of data
     1>c:\projects\sootandsickle\sootnsickle\sootnsickle\ZombieBat.h(10): warning C4244: 'initializing' : conversion from 'double' to 'const float', possible loss of data
     1>c:\projects\sootandsickle\sootnsickle\sootnsickle\ZombieBat.h(11): warning C4244: 'initializing' : conversion from 'double' to 'const float', possible loss of data
     1>c:\projects\sootandsickle\sootnsickle\sootnsickle\Factory.h(17): warning C4244: 'argument' : conversion from 'const int' to 'float', possible loss of data
     1>c:\projects\sootandsickle\sootnsickle\sootnsickle\SootNSickle.h(70): warning C4305: 'initializing' : truncation from 'double' to 'const float'
     1>c:\projects\sootandsickle\sootnsickle\sootnsickle\SootNSickle.h(258): warning C4244: 'argument' : conversion from 'int' to 'FLOAT', possible loss of data
     1>c:\projects\sootandsickle\sootnsickle\sootnsickle\SootNSickle.h(305): warning C4244: 'return' : conversion from 'float' to 'int', possible loss of data
         image.cpp
         input.cpp
         textDX.cpp
         textureManager.cpp
         winmain.cpp
     1>c:\projects\sootandsickle\sootnsickle\sootnsickle\Building.h(38): warning C4244: 'return' : conversion from 'double' to 'float', possible loss of data
     1>c:\projects\sootandsickle\sootnsickle\sootnsickle\Building.h(40): warning C4244: 'return' : conversion from 'double' to 'float', possible loss of data
     1>c:\projects\sootandsickle\sootnsickle\sootnsickle\Building.h(45): warning C4244: 'argument' : conversion from 'double' to 'float', possible loss of data
     1>c:\projects\sootandsickle\sootnsickle\sootnsickle\Base.h(24): warning C4244: '=' : conversion from 'const double' to 'float', possible loss of data
     1>c:\projects\sootandsickle\sootnsickle\sootnsickle\Turret.h(7): warning C4244: 'initializing' : conversion from 'const double' to 'const float', possible loss of data
     1>c:\projects\sootandsickle\sootnsickle\sootnsickle\Turret.h(8): warning C4244: 'initializing' : conversion from 'double' to 'const float', possible loss of data
     1>c:\projects\sootandsickle\sootnsickle\sootnsickle\Turret.h(9): warning C4244: 'initializing' : conversion from 'double' to 'const float', possible loss of data
     1>c:\projects\sootandsickle\sootnsickle\sootnsickle\Turret.h(10): warning C4244: 'initializing' : conversion from 'const double' to 'const float', possible loss of data
     1>c:\projects\sootandsickle\sootnsickle\sootnsickle\Turret.h(11): warning C4305: 'initializing' : truncation from 'double' to 'const float'
     1>c:\projects\sootandsickle\sootnsickle\sootnsickle\AATurret.h(6): warning C4244: 'initializing' : conversion from 'const double' to 'const float', possible loss of data
     1>c:\projects\sootandsickle\sootnsickle\sootnsickle\AATurret.h(7): warning C4244: 'initializing' : conversion from 'double' to 'const float', possible loss of data
     1>c:\projects\sootandsickle\sootnsickle\sootnsickle\AATurret.h(8): warning C4244: 'initializing' : conversion from 'const double' to 'const float', possible loss of data
     1>c:\projects\sootandsickle\sootnsickle\sootnsickle\AATurret.h(9): warning C4305: 'initializing' : truncation from 'double' to 'const float'
     1>c:\projects\sootandsickle\sootnsickle\sootnsickle\AATurret.h(10): warning C4305: 'initializing' : truncation from 'double' to 'const float'
     1>c:\projects\sootandsickle\sootnsickle\sootnsickle\Zombie.h(11): warning C4244: 'initializing' : conversion from 'double' to 'const float', possible loss of data
     1>c:\projects\sootandsickle\sootnsickle\sootnsickle\Zombie.h(12): warning C4244: 'initializing' : conversion from 'double' to 'const float', possible loss of data
     1>c:\projects\sootandsickle\sootnsickle\sootnsickle\Zombie.h(13): warning C4244: 'initializing' : conversion from 'double' to 'const float', possible loss of data
     1>c:\projects\sootandsickle\sootnsickle\sootnsickle\ZombieBat.h(9): warning C4244: 'initializing' : conversion from 'double' to 'const float', possible loss of data
     1>c:\projects\sootandsickle\sootnsickle\sootnsickle\ZombieBat.h(10): warning C4244: 'initializing' : conversion from 'double' to 'const float', possible loss of data
     1>c:\projects\sootandsickle\sootnsickle\sootnsickle\ZombieBat.h(11): warning C4244: 'initializing' : conversion from 'double' to 'const float', possible loss of data
     1>c:\projects\sootandsickle\sootnsickle\sootnsickle\Factory.h(17): warning C4244: 'argument' : conversion from 'const int' to 'float', possible loss of data
     1>c:\projects\sootandsickle\sootnsickle\sootnsickle\SootNSickle.h(70): warning C4305: 'initializing' : truncation from 'double' to 'const float'
     1>c:\projects\sootandsickle\sootnsickle\sootnsickle\SootNSickle.h(258): warning C4244: 'argument' : conversion from 'int' to 'FLOAT', possible loss of data
     1>c:\projects\sootandsickle\sootnsickle\sootnsickle\SootNSickle.h(305): warning C4244: 'return' : conversion from 'float' to 'int', possible loss of data
         ZombieBat(C).cpp
     1>c:\projects\sootandsickle\sootnsickle\sootnsickle\ZombieBat.h(9): warning C4244: 'initializing' : conversion from 'double' to 'const float', possible loss of data
     1>c:\projects\sootandsickle\sootnsickle\sootnsickle\ZombieBat.h(10): warning C4244: 'initializing' : conversion from 'double' to 'const float', possible loss of data
     1>c:\projects\sootandsickle\sootnsickle\sootnsickle\ZombieBat.h(11): warning C4244: 'initializing' : conversion from 'double' to 'const float', possible loss of data
     1>c:\projects\sootandsickle\sootnsickle\sootnsickle\Building.h(38): warning C4244: 'return' : conversion from 'double' to 'float', possible loss of data
     1>c:\projects\sootandsickle\sootnsickle\sootnsickle\Building.h(40): warning C4244: 'return' : conversion from 'double' to 'float', possible loss of data
     1>c:\projects\sootandsickle\sootnsickle\sootnsickle\Building.h(45): warning C4244: 'argument' : conversion from 'double' to 'float', possible loss of data
     1>c:\projects\sootandsickle\sootnsickle\sootnsickle\Base.h(24): warning C4244: '=' : conversion from 'const double' to 'float', possible loss of data
     1>c:\projects\sootandsickle\sootnsickle\sootnsickle\Turret.h(7): warning C4244: 'initializing' : conversion from 'const double' to 'const float', possible loss of data
     1>c:\projects\sootandsickle\sootnsickle\sootnsickle\Turret.h(8): warning C4244: 'initializing' : conversion from 'double' to 'const float', possible loss of data
     1>c:\projects\sootandsickle\sootnsickle\sootnsickle\Turret.h(9): warning C4244: 'initializing' : conversion from 'double' to 'const float', possible loss of data
     1>c:\projects\sootandsickle\sootnsickle\sootnsickle\Turret.h(10): warning C4244: 'initializing' : conversion from 'const double' to 'const float', possible loss of data
     1>c:\projects\sootandsickle\sootnsickle\sootnsickle\Turret.h(11): warning C4305: 'initializing' : truncation from 'double' to 'const float'
     1>c:\projects\sootandsickle\sootnsickle\sootnsickle\AATurret.h(6): warning C4244: 'initializing' : conversion from 'const double' to 'const float', possible loss of data
     1>c:\projects\sootandsickle\sootnsickle\sootnsickle\AATurret.h(7): warning C4244: 'initializing' : conversion from 'double' to 'const float', possible loss of data
     1>c:\projects\sootandsickle\sootnsickle\sootnsickle\AATurret.h(8): warning C4244: 'initializing' : conversion from 'const double' to 'const float', possible loss of data
     1>c:\projects\sootandsickle\sootnsickle\sootnsickle\AATurret.h(9): warning C4305: 'initializing' : truncation from 'double' to 'const float'
     1>c:\projects\sootandsickle\sootnsickle\sootnsickle\AATurret.h(10): warning C4305: 'initializing' : truncation from 'double' to 'const float'
     1>c:\projects\sootandsickle\sootnsickle\sootnsickle\Zombie.h(11): warning C4244: 'initializing' : conversion from 'double' to 'const float', possible loss of data
     1>c:\projects\sootandsickle\sootnsickle\sootnsickle\Zombie.h(12): warning C4244: 'initializing' : conversion from 'double' to 'const float', possible loss of data
     1>c:\projects\sootandsickle\sootnsickle\sootnsickle\Zombie.h(13): warning C4244: 'initializing' : conversion from 'double' to 'const float', possible loss of data
     1>c:\projects\sootandsickle\sootnsickle\sootnsickle\Factory.h(17): warning C4244: 'argument' : conversion from 'const int' to 'float', possible loss of data
     1>c:\projects\sootandsickle\sootnsickle\sootnsickle\SootNSickle.h(70): warning C4305: 'initializing' : truncation from 'double' to 'const float'
     1>c:\projects\sootandsickle\sootnsickle\sootnsickle\SootNSickle.h(258): warning C4244: 'argument' : conversion from 'int' to 'FLOAT', possible loss of data
     1>c:\projects\sootandsickle\sootnsickle\sootnsickle\SootNSickle.h(305): warning C4244: 'return' : conversion from 'float' to 'int', possible loss of data
         ZombieSpawner(C).cpp
     1>c:\projects\sootandsickle\sootnsickle\sootnsickle\Building.h(38): warning C4244: 'return' : conversion from 'double' to 'float', possible loss of data
     1>c:\projects\sootandsickle\sootnsickle\sootnsickle\Building.h(40): warning C4244: 'return' : conversion from 'double' to 'float', possible loss of data
     1>c:\projects\sootandsickle\sootnsickle\sootnsickle\Building.h(45): warning C4244: 'argument' : conversion from 'double' to 'float', possible loss of data
     1>c:\projects\sootandsickle\sootnsickle\sootnsickle\Base.h(24): warning C4244: '=' : conversion from 'const double' to 'float', possible loss of data
     1>c:\projects\sootandsickle\sootnsickle\sootnsickle\Turret.h(7): warning C4244: 'initializing' : conversion from 'const double' to 'const float', possible loss of data
     1>c:\projects\sootandsickle\sootnsickle\sootnsickle\Turret.h(8): warning C4244: 'initializing' : conversion from 'double' to 'const float', possible loss of data
     1>c:\projects\sootandsickle\sootnsickle\sootnsickle\Turret.h(9): warning C4244: 'initializing' : conversion from 'double' to 'const float', possible loss of data
     1>c:\projects\sootandsickle\sootnsickle\sootnsickle\Turret.h(10): warning C4244: 'initializing' : conversion from 'const double' to 'const float', possible loss of data
     1>c:\projects\sootandsickle\sootnsickle\sootnsickle\Turret.h(11): warning C4305: 'initializing' : truncation from 'double' to 'const float'
     1>c:\projects\sootandsickle\sootnsickle\sootnsickle\AATurret.h(6): warning C4244: 'initializing' : conversion from 'const double' to 'const float', possible loss of data
     1>c:\projects\sootandsickle\sootnsickle\sootnsickle\AATurret.h(7): warning C4244: 'initializing' : conversion from 'double' to 'const float', possible loss of data
     1>c:\projects\sootandsickle\sootnsickle\sootnsickle\AATurret.h(8): warning C4244: 'initializing' : conversion from 'const double' to 'const float', possible loss of data
     1>c:\projects\sootandsickle\sootnsickle\sootnsickle\AATurret.h(9): warning C4305: 'initializing' : truncation from 'double' to 'const float'
     1>c:\projects\sootandsickle\sootnsickle\sootnsickle\AATurret.h(10): warning C4305: 'initializing' : truncation from 'double' to 'const float'
     1>c:\projects\sootandsickle\sootnsickle\sootnsickle\Zombie.h(11): warning C4244: 'initializing' : conversion from 'double' to 'const float', possible loss of data
     1>c:\projects\sootandsickle\sootnsickle\sootnsickle\Zombie.h(12): warning C4244: 'initializing' : conversion from 'double' to 'const float', possible loss of data
     1>c:\projects\sootandsickle\sootnsickle\sootnsickle\Zombie.h(13): warning C4244: 'initializing' : conversion from 'double' to 'const float', possible loss of data
     1>c:\projects\sootandsickle\sootnsickle\sootnsickle\ZombieBat.h(9): warning C4244: 'initializing' : conversion from 'double' to 'const float', possible loss of data
     1>c:\projects\sootandsickle\sootnsickle\sootnsickle\ZombieBat.h(10): warning C4244: 'initializing' : conversion from 'double' to 'const float', possible loss of data
     1>c:\projects\sootandsickle\sootnsickle\sootnsickle\ZombieBat.h(11): warning C4244: 'initializing' : conversion from 'double' to 'const float', possible loss of data
     1>c:\projects\sootandsickle\sootnsickle\sootnsickle\Factory.h(17): warning C4244: 'argument' : conversion from 'const int' to 'float', possible loss of data
     1>c:\projects\sootandsickle\sootnsickle\sootnsickle\sootnsickle.h(70): warning C4305: 'initializing' : truncation from 'double' to 'const float'
     1>c:\projects\sootandsickle\sootnsickle\sootnsickle\sootnsickle.h(258): warning C4244: 'argument' : conversion from 'int' to 'FLOAT', possible loss of data
     1>c:\projects\sootandsickle\sootnsickle\sootnsickle\sootnsickle.h(305): warning C4244: 'return' : conversion from 'float' to 'int', possible loss of data
       Link:
         C:\Program Files (x86)\Microsoft Visual Studio 11.0\VC\bin\link.exe /ERRORREPORT:PROMPT /OUT:"C:\PROJECTS\SootAndSickle\SootNSickle\SootNSickle\Release\SootNSickle.exe" /NOLOGO /LIBPATH:"C:\Program Files (x86)\Microsoft DirectX SDK (June 2010)\\Lib\x86" d3d9.lib d3dx9.lib winmm.lib xinput.lib kernel32.lib user32.lib gdi32.lib winspool.lib comdlg32.lib advapi32.lib shell32.lib ole32.lib oleaut32.lib uuid.lib odbc32.lib odbccp32.lib /MANIFEST /MANIFESTUAC:"level='asInvoker' uiAccess='false'" /manifest:embed /DEBUG /PDB:"C:\PROJECTS\SootAndSickle\SootNSickle\SootNSickle\Release\SootNSickle.pdb" /OPT:REF /OPT:ICF /LTCG /TLBID:1 /DYNAMICBASE /NXCOMPAT /IMPLIB:"C:\PROJECTS\SootAndSickle\SootNSickle\SootNSickle\Release\SootNSickle.lib" /MACHINE:X86 /SAFESEH "Release\AATurret(C).obj"
         Release\Actor.obj
         "Release\AGTurret(C).obj"
         "Release\AirField(J).obj"
         "Release\ActorWithHealthBar(J).obj"
         Release\audio.obj
         "Release\Base(J).obj"
         "Release\Building (J).obj"
         "Release\Button(J).obj"
         Release\constants.obj
         "Release\Extractor(J).obj"
         "Release\Factory(J).obj"
         Release\game.obj
         Release\graphics.obj
         "Release\HealthBar(J).obj"
         "Release\House(J).obj"
         "Release\MineralPatch(J).obj"
         "Release\Particle(J).obj"
         "Release\PowerSupply(J).obj"
         "Release\sootnsickle(JC).obj"
         "Release\Turret(JC).obj"
         "Release\Utility(J).obj"
         "Release\Waypoint(C).obj"
         "Release\WPManager(C).obj"
         "Release\Zombie(JC).obj"
         Release\image.obj
         Release\input.obj
         Release\textDX.obj
         Release\textureManager.obj
         Release\winmain.obj
         "Release\ZombieBat(C).obj"
         "Release\ZombieSpawner(C).obj"
         Generating code
         Finished generating code
         SootNSickle.vcxproj -> C:\PROJECTS\SootAndSickle\SootNSickle\SootNSickle\Release\SootNSickle.exe
     1>Done Building Project "C:\PROJECTS\SootAndSickle\SootNSickle\SootNSickle\SootNSickle.vcxproj" (Build target(s)).

Build succeeded.

Time Elapsed 00:00:24.89
